DEBUG 2017-08-04 16:35:18,021: 	 Executing command: 'submit'
DEBUG 2017-08-04 16:35:18,025: 	 Found CRAB cache file /afs/cern.ch/user/l/lewang/.crab3
DEBUG 2017-08-04 16:35:18,040: 	 Checking credentials
DEBUG 2017-08-04 16:35:18,041: 	 Found proxy file /tmp/x509up_u74916
DEBUG 2017-08-04 16:35:18,041: 	 Getting proxy life time left
DEBUG 2017-08-04 16:35:18,752: 	 Executing : 
 command : voms-proxy-info -file /tmp/x509up_u74916 -timeleft
 output : 82184

 error: 
 retcode : 0
DEBUG 2017-08-04 16:35:19,426: 	 Executing : 
 command : voms-proxy-info -file /tmp/x509up_u74916 -actimeleft
 output : 82183

 error: 
 retcode : 0
DEBUG 2017-08-04 16:35:19,427: 	 Proxy valid for 22:49:44 hours
DEBUG 2017-08-04 16:35:19,428: 	 Will use CRAB Analysis plugin (i.e. will run an analysis job type).
DEBUG 2017-08-04 16:35:19,495: 	 Executing : 
 command : openssl x509 -in ~/.globus/usercert.pem -subject -noout
 output : subject= /DC=ch/DC=cern/OU=Organic Units/OU=Users/CN=lewang/CN=763351/CN=Lei Wang

 error: 
 retcode : 0
DEBUG 2017-08-04 16:35:19,495: 	 Checking credentials
DEBUG 2017-08-04 16:35:19,495: 	 Found proxy file /tmp/x509up_u74916
DEBUG 2017-08-04 16:35:19,496: 	 Getting proxy life time left
DEBUG 2017-08-04 16:35:20,412: 	 Executing : 
 command : voms-proxy-info -file /tmp/x509up_u74916 -timeleft
 output : 82182

 error: 
 retcode : 0
DEBUG 2017-08-04 16:35:21,121: 	 Executing : 
 command : voms-proxy-info -file /tmp/x509up_u74916 -actimeleft
 output : 82181

 error: 
 retcode : 0
DEBUG 2017-08-04 16:35:21,121: 	 Proxy valid for 22:49:42 hours
DEBUG 2017-08-04 16:35:21,778: 	 Executing : 
 command : env X509_USER_PROXY=/tmp/x509up_u74916 voms-proxy-info -fqan
 output : /cms/Role=NULL/Capability=NULL

 error: 
 retcode : 0
DEBUG 2017-08-04 16:35:22,676: 	 Registering user credentials for server /DC=ch/DC=cern/OU=computers/CN=vocms(045|052|021|031|0118|0118a|0119|0108|0105|0109).cern.ch
DEBUG 2017-08-04 16:35:22,738: 	 Executing : 
 command : openssl x509 -in ~/.globus/usercert.pem -subject -noout
 output : subject= /DC=ch/DC=cern/OU=Organic Units/OU=Users/CN=lewang/CN=763351/CN=Lei Wang

 error: 
 retcode : 0
DEBUG 2017-08-04 16:35:22,738: 	 Getting myproxy life time left for myproxy.cern.ch
DEBUG 2017-08-04 16:35:22,738: 	 Calculating hash of /DC=ch/DC=cern/OU=Organic Units/OU=Users/CN=lewang/CN=763351/CN=Lei Wang_cmsweb.cern.ch for credential name
DEBUG 2017-08-04 16:35:22,856: 	 Executing : 
 command : myproxy-info -l 1b9ed1fd5af45f6b0603ad12c45a57a42d266ac3 -s myproxy.cern.ch
 output : username: 1b9ed1fd5af45f6b0603ad12c45a57a42d266ac3
owner: /DC=ch/DC=cern/OU=Organic Units/OU=Users/CN=lewang/CN=763351/CN=Lei Wang
  renewal policy: /DC=ch/DC=cern/OU=computers/CN=vocms(045|052|021|031|0118|0118a|0119|0108|0105|0109).cern.ch
  trusted retrieval policy: /DC=ch/DC=cern/OU=computers/CN=vocms(045|052|021|031|0118|0118a|0119|0108|0105|0109).cern.ch
  timeleft: 706:42:59  (29.4 days)

 error: 
 retcode : 0
DEBUG 2017-08-04 16:35:22,858: 	 Myproxy is valid: 2544179
DEBUG 2017-08-04 16:35:22,858: 	 Command use: submit
DEBUG 2017-08-04 16:35:22,858: 	 Options use: ['--config', <WMCore.Configuration.Configuration object at 0x7f8589d74690>]
DEBUG 2017-08-04 16:35:23,243: 	 CRABClient version: 3.3.1707.patch1
DEBUG 2017-08-04 16:35:23,243: 	 Instance is prod
DEBUG 2017-08-04 16:35:23,243: 	 Server base url is cmsweb.cern.ch
DEBUG 2017-08-04 16:35:23,243: 	 Command url /crabserver/prod/workflow
DEBUG 2017-08-04 16:35:23,243: 	 Started submission
DEBUG 2017-08-04 16:35:23,243: 	 Working on /afs/cern.ch/user/l/lewang/Xudong/hltphysicsrate/CMSSW_9_2_6/src/SteamRates/crab_HLTPhysics_Run299420_v2p1V4_PS1p4e34_20170802_V2/crab_HLTPhysics3
DEBUG 2017-08-04 16:35:24,435: 	 Loading required information from the environment
DEBUG 2017-08-04 16:35:24,435: 	 Found CMSSW_9_2_6 for slc6_amd64_gcc530 with base /afs/cern.ch/user/l/lewang/Xudong/hltphysicsrate/CMSSW_9_2_6
DEBUG 2017-08-04 16:35:24,435: 	 Loading required information from the environment
DEBUG 2017-08-04 16:35:24,435: 	 Found CMSSW_9_2_6 for slc6_amd64_gcc530 with base /afs/cern.ch/user/l/lewang/Xudong/hltphysicsrate/CMSSW_9_2_6
DEBUG 2017-08-04 16:35:24,457: 	 UNIQUE NAME: tarUUID 3790b356-871f-46a9-9264-1f188ab7628a 
DEBUG 2017-08-04 16:35:24,458: 	 self.config: from WMCore.Configuration import Configuration
config = Configuration()
config.section_('General')
config.General.transferLogs = True
config.General.workArea = 'crab_HLTPhysics_Run299420_v2p1V4_PS1p4e34_20170802_V2'
config.General.requestName = 'HLTPhysics3'
config.section_('JobType')
config.JobType.psetName = 'hlt_Minotaur_v2p1V4_PS1p4e34.py'
config.JobType.pluginName = 'Analysis'
config.JobType.outputFiles = ['hlt.root']
config.JobType.numCores = 4
config.JobType.maxMemoryMB = 3000
config.section_('Data')
config.Data.inputDataset = '/ParkingHLTPhysics3/Run2017C-v1/RAW'
config.Data.outputDatasetTag = 'HLTPhysics_Run299420_v2p1V4_PS1p4e34_20170802_V2_HLTPhysics3'
config.Data.publication = False
config.Data.unitsPerJob = 5000
config.Data.inputDBS = 'global'
config.Data.splitting = 'EventAwareLumiBased'
config.Data.outLFNDirBase = '/store/group/dpg_trigger/comm_trigger/TriggerStudiesGroup/STEAM/xulyu//HLTPhysics_Run299420_v2p1V4_PS1p4e34_20170802_V2/'
config.Data.lumiMask = 'json_299420_LS11to50.txt'
config.Data.totalUnits = -1
config.section_('Site')
config.Site.storageSite = 'T2_CH_CERN'
config.section_('User')
config.section_('Debug')

DEBUG 2017-08-04 16:35:24,458: 	 self.config.JobType.psetName: hlt_Minotaur_v2p1V4_PS1p4e34.py
INFO 2017-08-04 16:35:24,458: 	 Importing CMSSW configuration hlt_Minotaur_v2p1V4_PS1p4e34.py
INFO 2017-08-04 16:35:26,971: 	 Finished importing CMSSW configuration hlt_Minotaur_v2p1V4_PS1p4e34.py
DEBUG 2017-08-04 16:35:26,971: 	 Writing CMSSW configuration to /afs/cern.ch/user/l/lewang/Xudong/hltphysicsrate/CMSSW_9_2_6/src/SteamRates/crab_HLTPhysics_Run299420_v2p1V4_PS1p4e34_20170802_V2/crab_HLTPhysics3/inputs/PSet.py
DEBUG 2017-08-04 16:35:31,760: 	 The following EDM output files will be collected: ['hlt.root']
DEBUG 2017-08-04 16:35:31,760: 	 The following TFile output files will be collected: []
DEBUG 2017-08-04 16:35:31,760: 	 The following user output files will be collected: []
DEBUG 2017-08-04 16:35:31,760: 	 Loading required information from the environment
DEBUG 2017-08-04 16:35:31,760: 	 Found CMSSW_9_2_6 for slc6_amd64_gcc530 with base /afs/cern.ch/user/l/lewang/Xudong/hltphysicsrate/CMSSW_9_2_6
DEBUG 2017-08-04 16:35:31,760: 	 Making tarball in /afs/cern.ch/user/l/lewang/Xudong/hltphysicsrate/CMSSW_9_2_6/src/SteamRates/crab_HLTPhysics_Run299420_v2p1V4_PS1p4e34_20170802_V2/crab_HLTPhysics3/inputs/3790b356-871f-46a9-9264-1f188ab7628adefault.tgz
DEBUG 2017-08-04 16:35:31,767: 	 Checking directory /afs/cern.ch/user/l/lewang/Xudong/hltphysicsrate/CMSSW_9_2_6/lib
DEBUG 2017-08-04 16:35:31,767: 	 Adding directory /afs/cern.ch/user/l/lewang/Xudong/hltphysicsrate/CMSSW_9_2_6/lib to tarball
DEBUG 2017-08-04 16:35:37,521: 	 Checking directory /afs/cern.ch/user/l/lewang/Xudong/hltphysicsrate/CMSSW_9_2_6/biglib
DEBUG 2017-08-04 16:35:37,521: 	 Adding directory /afs/cern.ch/user/l/lewang/Xudong/hltphysicsrate/CMSSW_9_2_6/biglib to tarball
DEBUG 2017-08-04 16:35:40,250: 	 Checking directory /afs/cern.ch/user/l/lewang/Xudong/hltphysicsrate/CMSSW_9_2_6/module
DEBUG 2017-08-04 16:35:40,343: 	 Adding data directory /afs/cern.ch/user/l/lewang/Xudong/hltphysicsrate/CMSSW_9_2_6/src/CondCore/ESSources/interface to tarball
DEBUG 2017-08-04 16:35:40,350: 	 Adding data directory /afs/cern.ch/user/l/lewang/Xudong/hltphysicsrate/CMSSW_9_2_6/src/CondFormats/DataRecord/interface to tarball
DEBUG 2017-08-04 16:35:40,527: 	 Adding data directory /afs/cern.ch/user/l/lewang/Xudong/hltphysicsrate/CMSSW_9_2_6/src/CondTools/L1TriggerExt/interface to tarball
DEBUG 2017-08-04 16:35:40,535: 	 Adding data directory /afs/cern.ch/user/l/lewang/Xudong/hltphysicsrate/CMSSW_9_2_6/src/Configuration/PyReleaseValidation/data to tarball
DEBUG 2017-08-04 16:35:40,537: 	 Adding data directory /afs/cern.ch/user/l/lewang/Xudong/hltphysicsrate/CMSSW_9_2_6/src/Configuration/Skimming/interface to tarball
DEBUG 2017-08-04 16:35:40,544: 	 Adding data directory /afs/cern.ch/user/l/lewang/Xudong/hltphysicsrate/CMSSW_9_2_6/src/DQM/L1TMonitor/interface to tarball
DEBUG 2017-08-04 16:35:40,567: 	 Adding data directory /afs/cern.ch/user/l/lewang/Xudong/hltphysicsrate/CMSSW_9_2_6/src/DataFormats/L1TMuon/interface to tarball
DEBUG 2017-08-04 16:35:40,584: 	 Adding data directory /afs/cern.ch/user/l/lewang/Xudong/hltphysicsrate/CMSSW_9_2_6/src/EventFilter/L1TRawToDigi/interface to tarball
DEBUG 2017-08-04 16:35:40,601: 	 Adding data directory /afs/cern.ch/user/l/lewang/Xudong/hltphysicsrate/CMSSW_9_2_6/src/L1Trigger/L1TCalorimeter/interface to tarball
DEBUG 2017-08-04 16:35:40,634: 	 Adding data directory /afs/cern.ch/user/l/lewang/Xudong/hltphysicsrate/CMSSW_9_2_6/src/L1Trigger/L1TCalorimeter/data to tarball
DEBUG 2017-08-04 16:35:40,643: 	 Adding data directory /afs/cern.ch/user/l/lewang/Xudong/hltphysicsrate/CMSSW_9_2_6/src/L1Trigger/L1TMuon/interface to tarball
DEBUG 2017-08-04 16:35:40,659: 	 Adding data directory /afs/cern.ch/user/l/lewang/Xudong/hltphysicsrate/CMSSW_9_2_6/src/L1Trigger/L1TMuon/data to tarball
DEBUG 2017-08-04 16:35:43,031: 	 Adding data directory /afs/cern.ch/user/l/lewang/Xudong/hltphysicsrate/CMSSW_9_2_6/src/L1Trigger/L1TMuonBarrel/interface to tarball
DEBUG 2017-08-04 16:35:43,038: 	 Adding data directory /afs/cern.ch/user/l/lewang/Xudong/hltphysicsrate/CMSSW_9_2_6/src/L1Trigger/L1TMuonEndCap/interface to tarball
DEBUG 2017-08-04 16:35:43,059: 	 Adding data directory /afs/cern.ch/user/l/lewang/Xudong/hltphysicsrate/CMSSW_9_2_6/src/L1Trigger/L1TCommon/interface to tarball
DEBUG 2017-08-04 16:35:43,063: 	 Adding data directory /afs/cern.ch/user/l/lewang/Xudong/hltphysicsrate/CMSSW_9_2_6/src/L1Trigger/L1TGlobal/interface to tarball
DEBUG 2017-08-04 16:35:43,080: 	 Adding data directory /afs/cern.ch/user/l/lewang/Xudong/hltphysicsrate/CMSSW_9_2_6/src/L1Trigger/L1TGlobal/data to tarball
DEBUG 2017-08-04 16:35:43,397: 	 Adding data directory /afs/cern.ch/user/l/lewang/Xudong/hltphysicsrate/CMSSW_9_2_6/src/L1Trigger/L1TMuonOverlap/interface to tarball
DEBUG 2017-08-04 16:35:43,406: 	 Adding data directory /afs/cern.ch/user/l/lewang/Xudong/hltphysicsrate/CMSSW_9_2_6/src/L1Trigger/L1TNtuples/interface to tarball
DEBUG 2017-08-04 16:35:43,438: 	 Adding data directory /afs/cern.ch/user/l/lewang/Xudong/hltphysicsrate/CMSSW_9_2_6/src/Utilities/ReleaseScripts/data to tarball
DEBUG 2017-08-04 16:35:43,445: 	 Adding data directory /afs/cern.ch/user/l/lewang/Xudong/hltphysicsrate/CMSSW_9_2_6/src/Alignment/MillePedeAlignmentAlgorithm/interface to tarball
DEBUG 2017-08-04 16:35:43,451: 	 Adding data directory /afs/cern.ch/user/l/lewang/Xudong/hltphysicsrate/CMSSW_9_2_6/src/DQMOffline/L1Trigger/interface to tarball
DEBUG 2017-08-04 16:35:43,462: 	 Adding data directory /afs/cern.ch/user/l/lewang/Xudong/hltphysicsrate/CMSSW_9_2_6/src/Fireworks/FWInterface/interface to tarball
DEBUG 2017-08-04 16:35:43,464: 	 Adding data directory /afs/cern.ch/user/l/lewang/Xudong/hltphysicsrate/CMSSW_9_2_6/src/Fireworks/Geometry/data to tarball
DEBUG 2017-08-04 16:35:43,465: 	 Adding data directory /afs/cern.ch/user/l/lewang/Xudong/hltphysicsrate/CMSSW_9_2_6/src/Fireworks/Geometry/interface to tarball
DEBUG 2017-08-04 16:35:43,471: 	 Adding data directory /afs/cern.ch/user/l/lewang/Xudong/hltphysicsrate/CMSSW_9_2_6/src/Geometry/HGCalGeometry/interface to tarball
DEBUG 2017-08-04 16:35:43,473: 	 Adding data directory /afs/cern.ch/user/l/lewang/Xudong/hltphysicsrate/CMSSW_9_2_6/src/Geometry/HcalCommonData/data to tarball
DEBUG 2017-08-04 16:35:43,532: 	 Adding data directory /afs/cern.ch/user/l/lewang/Xudong/hltphysicsrate/CMSSW_9_2_6/src/Geometry/HcalCommonData/interface to tarball
DEBUG 2017-08-04 16:35:43,538: 	 Adding data directory /afs/cern.ch/user/l/lewang/Xudong/hltphysicsrate/CMSSW_9_2_6/src/PhysicsTools/PatAlgos/interface to tarball
DEBUG 2017-08-04 16:35:43,553: 	 Adding data directory /afs/cern.ch/user/l/lewang/Xudong/hltphysicsrate/CMSSW_9_2_6/src/RecoEgamma/EgammaHLTProducers/interface to tarball
DEBUG 2017-08-04 16:35:43,570: 	 Adding data directory /afs/cern.ch/user/l/lewang/Xudong/hltphysicsrate/CMSSW_9_2_6/src/SimG4CMS/Calo/data to tarball
DEBUG 2017-08-04 16:35:43,584: 	 Adding data directory /afs/cern.ch/user/l/lewang/Xudong/hltphysicsrate/CMSSW_9_2_6/src/SimG4CMS/Calo/interface to tarball
DEBUG 2017-08-04 16:35:43,602: 	 Adding data directory /afs/cern.ch/user/l/lewang/Xudong/hltphysicsrate/CMSSW_9_2_6/src/SimG4CMS/Forward/data to tarball
DEBUG 2017-08-04 16:35:43,604: 	 Adding data directory /afs/cern.ch/user/l/lewang/Xudong/hltphysicsrate/CMSSW_9_2_6/src/SimG4CMS/Forward/interface to tarball
DEBUG 2017-08-04 16:35:43,622: 	 Adding data directory /afs/cern.ch/user/l/lewang/Xudong/hltphysicsrate/CMSSW_9_2_6/src/SimG4CMS/Forward/test/data to tarball
DEBUG 2017-08-04 16:35:43,626: 	 Adding data directory /afs/cern.ch/user/l/lewang/Xudong/hltphysicsrate/CMSSW_9_2_6/src/Validation/Performance/data to tarball
DEBUG 2017-08-04 16:35:43,635: 	 Adding data directory /afs/cern.ch/user/l/lewang/Xudong/hltphysicsrate/CMSSW_9_2_6/src/Validation/Performance/interface to tarball
DEBUG 2017-08-04 16:35:44,744: 	 Uploading archive /afs/cern.ch/user/l/lewang/Xudong/hltphysicsrate/CMSSW_9_2_6/src/SteamRates/crab_HLTPhysics_Run299420_v2p1V4_PS1p4e34_20170802_V2/crab_HLTPhysics3/inputs/3790b356-871f-46a9-9264-1f188ab7628adefault.tgz (28 MB) to the CRAB cache. Using URI https://cmsweb.cern.ch/crabcache
DEBUG 2017-08-04 16:35:53,608: 	 Loading required information from the environment
DEBUG 2017-08-04 16:35:53,608: 	 Found CMSSW_9_2_6 for slc6_amd64_gcc530 with base /afs/cern.ch/user/l/lewang/Xudong/hltphysicsrate/CMSSW_9_2_6
DEBUG 2017-08-04 16:35:53,608: 	 Making tarball in /afs/cern.ch/user/l/lewang/Xudong/hltphysicsrate/CMSSW_9_2_6/src/SteamRates/crab_HLTPhysics_Run299420_v2p1V4_PS1p4e34_20170802_V2/crab_HLTPhysics3/inputs/debugFiles.tgz
DEBUG 2017-08-04 16:35:53,778: 	 Uploading archive /afs/cern.ch/user/l/lewang/Xudong/hltphysicsrate/CMSSW_9_2_6/src/SteamRates/crab_HLTPhysics_Run299420_v2p1V4_PS1p4e34_20170802_V2/crab_HLTPhysics3/inputs/debugFiles.tgz (282 KB) to the CRAB cache. Using URI https://cmsweb.cern.ch/crabcache
DEBUG 2017-08-04 16:35:54,302: 	 Result uploading input files: 4c1f1967ded8a27e2abc2bf8f3fceec37ed121044716c75e24d0eeff0ec64bd5.tar.gz 
DEBUG 2017-08-04 16:35:54,303: 	 Attaching lumi mask json_299420_LS11to50.txt to the request
DEBUG 2017-08-04 16:35:54,303: 	 Reading lumi-mask from json_299420_LS11to50.txt
INFO 2017-08-04 16:35:54,304: 	 Sending the request to the server
DEBUG 2017-08-04 16:35:54,304: 	 Submitting {'maxjobruntime': 1250, 'extrajdl': [], 'ignorelocality': 0, 'savelogsflag': 1, 'useparent': 0, 'asyncdest': 'T2_CH_CERN', 'algoargs': 5000, 'cachefilename': '4c1f1967ded8a27e2abc2bf8f3fceec37ed121044716c75e24d0eeff0ec64bd5.tar.gz', 'numcores': 4, 'addoutputfiles': [], 'generator': 'pythia', 'maxmemory': 3000, 'publishdbsurl': 'https://cmsweb.cern.ch/dbs/prod/phys03/DBSWriter', 'priority': 10, 'jobsw': 'CMSSW_9_2_6', 'edmoutfiles': ['hlt.root'], 'userfiles': [], 'primarydataset': '', 'inputdata': '/ParkingHLTPhysics3/Run2017C-v1/RAW', 'lfn': '/store/group/dpg_trigger/comm_trigger/TriggerStudiesGroup/STEAM/xulyu//HLTPhysics_Run299420_v2p1V4_PS1p4e34_20170802_V2/', 'dryrun': 0, 'workflow': 'crab_HLTPhysics3', 'cacheurl': u'https://cmsweb.cern.ch/crabcache', 'runs': [u'299420'], 'lumis': ['11,50'], 'nonprodsw': 0, 'tfileoutfiles': [], 'oneEventMode': 0, 'debugfilename': 'ce7997bff89166030cc022bd2e7eed3d6aa59fb495672d10fa72c40c08a5ad91.tar.gz', 'saveoutput': 1, 'publication': 0, 'jobarch': 'slc6_amd64_gcc530', 'totalunits': -1, 'splitalgo': 'EventAwareLumiBased', 'ignoreglobalblacklist': 0, 'nonvaliddata': 0, 'dbsurl': 'https://cmsweb.cern.ch/dbs/prod/global/DBSReader', 'publishgroupname': 0, 'jobtype': 'Analysis', 'publishname2': 'HLTPhysics_Run299420_v2p1V4_PS1p4e34_20170802_V2_HLTPhysics3'} 
DEBUG 2017-08-04 16:35:54,305: 	 Encoded submit request: maxjobruntime=1250&ignorelocality=0&savelogsflag=1&useparent=0&asyncdest=T2_CH_CERN&algoargs=5000&cachefilename=4c1f1967ded8a27e2abc2bf8f3fceec37ed121044716c75e24d0eeff0ec64bd5.tar.gz&numcores=4&generator=pythia&maxmemory=3000&publishdbsurl=https%3A%2F%2Fcmsweb.cern.ch%2Fdbs%2Fprod%2Fphys03%2FDBSWriter&priority=10&jobsw=CMSSW_9_2_6&primarydataset=&inputdata=%2FParkingHLTPhysics3%2FRun2017C-v1%2FRAW&lfn=%2Fstore%2Fgroup%2Fdpg_trigger%2Fcomm_trigger%2FTriggerStudiesGroup%2FSTEAM%2Fxulyu%2F%2FHLTPhysics_Run299420_v2p1V4_PS1p4e34_20170802_V2%2F&dryrun=0&workflow=crab_HLTPhysics3&cacheurl=https%3A%2F%2Fcmsweb.cern.ch%2Fcrabcache&nonprodsw=0&oneEventMode=0&debugfilename=ce7997bff89166030cc022bd2e7eed3d6aa59fb495672d10fa72c40c08a5ad91.tar.gz&saveoutput=1&publication=0&jobarch=slc6_amd64_gcc530&totalunits=-1&splitalgo=EventAwareLumiBased&ignoreglobalblacklist=0&nonvaliddata=0&dbsurl=https%3A%2F%2Fcmsweb.cern.ch%2Fdbs%2Fprod%2Fglobal%2FDBSReader&publishgroupname=0&jobtype=Analysis&publishname2=HLTPhysics_Run299420_v2p1V4_PS1p4e34_20170802_V2_HLTPhysics3&edmoutfiles=hlt.root&runs=299420&lumis=11%2C50
DEBUG 2017-08-04 16:35:54,978: 	 Result: {u'result': [{u'RequestName': u'170804_143554:lewang_crab_HLTPhysics3'}]}
INFO 2017-08-04 16:35:54,989: 	 Success: Your task has been delivered to the CRAB3 server.
INFO 2017-08-04 16:35:54,989: 	 Task name: 170804_143554:lewang_crab_HLTPhysics3
INFO 2017-08-04 16:35:54,989: 	 Please use 'crab status' to check how the submission process proceeds.
DEBUG 2017-08-04 16:35:54,990: 	 About to return
