40 176511 2720
HLT_AK8PFJet360_TrimMass30_v11 36 13.8996138996
HLT_AK8PFJet380_TrimMass30_v4 28 10.8108108108
HLT_AK8PFJet400_TrimMass30_v5 25 9.65250965251
HLT_AK8PFJet420_TrimMass30_v4 19 7.33590733591
HLT_AK8PFHT750_TrimMass50_v5 55 21.2355212355
HLT_AK8PFHT800_TrimMass50_v5 51 19.6911196911
HLT_AK8PFHT850_TrimMass50_v4 37 14.2857142857
HLT_AK8PFHT900_TrimMass50_v4 30 11.583011583
HLT_CaloJet500_NoJetID_v8 36 13.8996138996
HLT_CaloJet550_NoJetID_v3 19 7.33590733591
HLT_Trimuon5_3p5_2_Upsilon_Muon_v2 21 8.10810810811
HLT_DoubleEle33_CaloIdL_MW_v13 26 10.0386100386
HLT_DoubleEle24_eta2p1_WPTight_Gsf_v3 9 3.4749034749
HLT_DoubleEle8_CaloIdM_TrackIdM_Mass8_DZ_PFHT350_v13 2 0.772200772201
HLT_DoubleEle8_CaloIdM_TrackIdM_Mass8_PFHT350_v13 5 1.9305019305
HLT_DoubleMu4_3_Bs_v11 35 13.5135135135
HLT_DoubleMu4_3_Jpsi_Displaced_v12 102 39.3822393822
HLT_DoubleMu4_JpsiTrk_Displaced_v11 41 15.8301158301
HLT_DoubleMu4_LowMassNonResonantTrk_Displaced_v11 63 24.3243243243
HLT_DoubleMu3_Trk_Tau3mu_v8 63 24.3243243243
HLT_DoubleMu4_PsiPrimeTrk_Displaced_v11 2 0.772200772201
HLT_DoubleMu4_Mass8_DZ_PFHT350_v3 7 2.7027027027
HLT_DoubleMu8_Mass8_PFHT350_v3 3 1.1583011583
HLT_Mu3_PFJet40_v10 3 1.1583011583
HLT_Mu7p5_L2Mu2_Jpsi_v8 0 0.0
HLT_Mu7p5_L2Mu2_Upsilon_v8 1 0.3861003861
HLT_Mu7p5_Track2_Jpsi_v8 1 0.3861003861
HLT_Mu7p5_Track3p5_Jpsi_v8 0 0.0
HLT_Mu7p5_Track7_Jpsi_v8 0 0.0
HLT_Mu7p5_Track2_Upsilon_v8 0 0.0
HLT_Mu7p5_Track3p5_Upsilon_v8 0 0.0
HLT_Mu7p5_Track7_Upsilon_v8 0 0.0
HLT_DoublePhoton33_CaloIdL_v4 3 1.1583011583
HLT_DoublePhoton70_v4 9 3.4749034749
HLT_DoublePhoton85_v12 5 1.9305019305
HLT_Ele20_WPTight_Gsf_v2 0 0.0
HLT_Ele20_WPLoose_Gsf_v2 0 0.0
HLT_Ele20_eta2p1_WPLoose_Gsf_v2 0 0.0
HLT_DiEle27_WPTightCaloOnly_L1DoubleEG_v2 31 11.9691119691
HLT_Ele27_WPTight_Gsf_v12 381 147.104247104
HLT_Ele35_WPTight_Gsf_v5 237 91.5057915058
HLT_Ele38_WPTight_Gsf_v5 184 71.0424710425
HLT_Ele40_WPTight_Gsf_v5 156 60.2316602317
HLT_Ele32_WPTight_Gsf_L1DoubleEG_v5 300 115.83011583
HLT_IsoMu20_eta2p1_LooseChargedIsoPFTau27_eta2p1_CrossL1_v5 7 2.7027027027
HLT_IsoMu20_eta2p1_MediumChargedIsoPFTau27_eta2p1_CrossL1_v5 6 2.3166023166
HLT_IsoMu20_eta2p1_TightChargedIsoPFTau27_eta2p1_CrossL1_v5 5 1.9305019305
HLT_IsoMu20_eta2p1_LooseChargedIsoPFTau27_eta2p1_TightID_CrossL1_v5 6 2.3166023166
HLT_IsoMu20_eta2p1_MediumChargedIsoPFTau27_eta2p1_TightID_CrossL1_v5 5 1.9305019305
HLT_IsoMu20_eta2p1_TightChargedIsoPFTau27_eta2p1_TightID_CrossL1_v5 4 1.5444015444
HLT_IsoMu24_eta2p1_LooseChargedIsoPFTau20_SingleL1_v5 14 5.40540540541
HLT_IsoMu24_eta2p1_MediumChargedIsoPFTau20_SingleL1_v5 14 5.40540540541
HLT_IsoMu24_eta2p1_TightChargedIsoPFTau20_SingleL1_v5 13 5.01930501931
HLT_IsoMu24_eta2p1_LooseChargedIsoPFTau20_TightID_SingleL1_v5 13 5.01930501931
HLT_IsoMu24_eta2p1_MediumChargedIsoPFTau20_TightID_SingleL1_v5 13 5.01930501931
HLT_IsoMu24_eta2p1_TightChargedIsoPFTau20_TightID_SingleL1_v5 12 4.6332046332
HLT_IsoMu20_v11 7 2.7027027027
HLT_IsoMu24_v9 466 179.922779923
HLT_IsoMu24_eta2p1_v11 0 0.0
HLT_IsoMu27_v12 398 153.667953668
HLT_L1SingleMu18_v3 3 1.1583011583
HLT_L1SingleMu25_v2 2 0.772200772201
HLT_L2Mu10_v6 6 2.3166023166
HLT_L2Mu50_v2 3 1.1583011583
HLT_DoubleL2Mu50_v2 15 5.79150579151
HLT_Mu17_TrkIsoVVL_Mu8_TrkIsoVVL_v11 4 1.5444015444
HLT_Mu17_TrkIsoVVL_Mu8_TrkIsoVVL_DZ_v12 9 3.4749034749
HLT_Mu17_TrkIsoVVL_Mu8_TrkIsoVVL_DZ_Mass8_v2 78 30.1158301158
HLT_Mu17_TrkIsoVVL_Mu8_TrkIsoVVL_DZ_Mass3p8_v2 81 31.2741312741
HLT_Mu25_TkMu0_Onia_v4 11 4.2471042471
HLT_Mu30_TkMu0_Onia_v4 10 3.861003861
HLT_Mu20_TkMu0_Phi_v4 3 1.1583011583
HLT_Mu25_TkMu0_Phi_v4 7 2.7027027027
HLT_Mu20_v9 9 3.4749034749
HLT_Mu27_v10 7 2.7027027027
HLT_Mu50_v10 109 42.0849420849
HLT_OldMu100_v2 14 5.40540540541
HLT_TkMu100_v2 8 3.0888030888
HLT_DiPFJet15_NoCaloMatched_v10 0 0.0
HLT_DiPFJet25_NoCaloMatched_v10 0 0.0
HLT_DiPFJet15_FBEta3_NoCaloMatched_v11 0 0.0
HLT_DiPFJet25_FBEta3_NoCaloMatched_v11 0 0.0
HLT_DiPFJetAve15_HFJEC_v11 0 0.0
HLT_DiPFJetAve25_HFJEC_v11 0 0.0
HLT_DiPFJetAve35_HFJEC_v11 0 0.0
HLT_AK8PFJet40_v9 15 5.79150579151
HLT_AK8PFJet60_v8 3 1.1583011583
HLT_AK8PFJet80_v8 2 0.772200772201
HLT_AK8PFJet140_v8 5 1.9305019305
HLT_AK8PFJet200_v8 9 3.4749034749
HLT_AK8PFJet260_v9 12 4.6332046332
HLT_AK8PFJet320_v9 5 1.9305019305
HLT_AK8PFJet400_v9 2 0.772200772201
HLT_AK8PFJet450_v9 9 3.4749034749
HLT_AK8PFJet500_v9 34 13.1274131274
HLT_AK8PFJet550_v4 16 6.17760617761
HLT_PFJet40_v14 13 5.01930501931
HLT_PFJet60_v14 3 1.1583011583
HLT_PFJet80_v13 5 1.9305019305
HLT_PFJet140_v12 8 3.0888030888
HLT_PFJet200_v12 7 2.7027027027
HLT_PFJet260_v13 3 1.1583011583
HLT_PFJet320_v13 4 1.5444015444
HLT_PFJet400_v13 9 3.4749034749
HLT_PFJet450_v14 6 2.3166023166
HLT_PFJet500_v14 28 10.8108108108
HLT_PFJet550_v4 14 5.40540540541
HLT_PFJetFwd40_v12 0 0.0
HLT_PFJetFwd60_v12 5 1.9305019305
HLT_PFJetFwd80_v11 2 0.772200772201
HLT_PFJetFwd140_v11 5 1.9305019305
HLT_PFJetFwd200_v11 1 0.3861003861
HLT_PFJetFwd260_v12 1 0.3861003861
HLT_PFJetFwd320_v12 1 0.3861003861
HLT_PFJetFwd400_v12 1 0.3861003861
HLT_PFJetFwd450_v12 0 0.0
HLT_PFJetFwd500_v12 0 0.0
HLT_AK8PFJetFwd40_v8 0 0.0
HLT_AK8PFJetFwd60_v7 2 0.772200772201
HLT_AK8PFJetFwd80_v7 2 0.772200772201
HLT_AK8PFJetFwd140_v7 6 2.3166023166
HLT_AK8PFJetFwd200_v7 3 1.1583011583
HLT_AK8PFJetFwd260_v8 1 0.3861003861
HLT_AK8PFJetFwd320_v8 4 1.5444015444
HLT_AK8PFJetFwd400_v8 2 0.772200772201
HLT_AK8PFJetFwd450_v8 0 0.0
HLT_AK8PFJetFwd500_v8 0 0.0
HLT_PFHT180_v10 3 1.1583011583
HLT_PFHT250_v10 3 1.1583011583
HLT_PFHT370_v10 2 0.772200772201
HLT_PFHT430_v10 2 0.772200772201
HLT_PFHT510_v10 3 1.1583011583
HLT_PFHT590_v10 1 0.3861003861
HLT_PFHT680_v10 5 1.9305019305
HLT_PFHT780_v10 1 0.3861003861
HLT_PFHT890_v10 2 0.772200772201
HLT_PFHT1050_v11 29 11.1969111969
HLT_PFHT500_PFMET100_PFMHT100_IDTight_v5 16 6.17760617761
HLT_PFHT500_PFMET110_PFMHT110_IDTight_v5 7 2.7027027027
HLT_PFHT700_PFMET85_PFMHT85_IDTight_v5 15 5.79150579151
HLT_PFHT700_PFMET95_PFMHT95_IDTight_v5 13 5.01930501931
HLT_PFHT800_PFMET75_PFMHT75_IDTight_v5 13 5.01930501931
HLT_PFHT800_PFMET85_PFMHT85_IDTight_v5 12 4.6332046332
HLT_PFMET110_PFMHT110_IDTight_v13 3 1.1583011583
HLT_PFMET120_PFMHT120_IDTight_v13 269 103.861003861
HLT_PFMET130_PFMHT130_IDTight_v13 197 76.0617760618
HLT_PFMET140_PFMHT140_IDTight_v13 131 50.5791505792
HLT_PFMET100_PFMHT100_IDTight_CaloBTagCSV_3p1_v2 18 6.94980694981
HLT_PFMET110_PFMHT110_IDTight_CaloBTagCSV_3p1_v2 9 3.4749034749
HLT_PFMET120_PFMHT120_IDTight_CaloBTagCSV_3p1_v2 5 1.9305019305
HLT_PFMET130_PFMHT130_IDTight_CaloBTagCSV_3p1_v2 3 1.1583011583
HLT_PFMET140_PFMHT140_IDTight_CaloBTagCSV_3p1_v2 1 0.3861003861
HLT_PFMET120_PFMHT120_IDTight_PFHT60_v2 27 10.4247104247
HLT_PFMETNoMu120_PFMHTNoMu120_IDTight_PFHT60_v2 37 14.2857142857
HLT_PFMETTypeOne120_PFMHT120_IDTight_PFHT60_v2 9 3.4749034749
HLT_PFMETTypeOne110_PFMHT110_IDTight_v5 3 1.1583011583
HLT_PFMETTypeOne120_PFMHT120_IDTight_v5 76 29.3436293436
HLT_PFMETTypeOne130_PFMHT130_IDTight_v5 50 19.305019305
HLT_PFMETTypeOne140_PFMHT140_IDTight_v4 33 12.7413127413
HLT_PFMETNoMu110_PFMHTNoMu110_IDTight_v13 7 2.7027027027
HLT_PFMETNoMu120_PFMHTNoMu120_IDTight_v13 277 106.94980695
HLT_PFMETNoMu130_PFMHTNoMu130_IDTight_v12 203 78.3783783784
HLT_PFMETNoMu140_PFMHTNoMu140_IDTight_v12 138 53.2818532819
HLT_PFMET120_PFMHT120_IDTight_HFCleaned_v1 269 103.861003861
HLT_PFMETNoMu120_PFMHTNoMu120_IDTight_HFCleaned_v1 270 104.247104247
HLT_PFMETTypeOne120_PFMHT120_IDTight_HFCleaned_v1 76 29.3436293436
HLT_PFMET120_PFMHT120_IDTight_PFHT60_HFCleaned_v1 27 10.4247104247
HLT_MonoCentralPFJet80_PFMETNoMu110_PFMHTNoMu110_IDTight_v13 5 1.9305019305
HLT_MonoCentralPFJet80_PFMETNoMu120_PFMHTNoMu120_IDTight_v13 28 10.8108108108
HLT_MonoCentralPFJet80_PFMETNoMu130_PFMHTNoMu130_IDTight_v12 21 8.10810810811
HLT_MonoCentralPFJet80_PFMETNoMu140_PFMHTNoMu140_IDTight_v12 18 6.94980694981
HLT_L1ETMHadSeeds_v1 9 3.4749034749
HLT_CaloMHT90_v1 1 0.3861003861
HLT_CaloMET80_NotCleaned_v1 5 1.9305019305
HLT_CaloMET90_NotCleaned_v1 1 0.3861003861
HLT_CaloMET100_NotCleaned_v1 4 1.5444015444
HLT_CaloMET110_NotCleaned_v1 6 2.3166023166
HLT_CaloMET250_NotCleaned_v1 1 0.3861003861
HLT_CaloMET70_HBHECleaned_v1 4 1.5444015444
HLT_CaloMET80_HBHECleaned_v1 5 1.9305019305
HLT_CaloMET90_HBHECleaned_v1 7 2.7027027027
HLT_CaloMET100_HBHECleaned_v1 6 2.3166023166
HLT_CaloMET250_HBHECleaned_v1 2 0.772200772201
HLT_CaloMET300_HBHECleaned_v1 2 0.772200772201
HLT_CaloMET350_HBHECleaned_v1 3 1.1583011583
HLT_PFMET200_NotCleaned_v2 4 1.5444015444
HLT_PFMET200_HBHECleaned_v2 6 2.3166023166
HLT_PFMET250_HBHECleaned_v2 53 20.4633204633
HLT_PFMET300_HBHECleaned_v2 22 8.49420849421
HLT_PFMET200_HBHE_BeamHaloCleaned_v2 0 0.0
HLT_PFMETTypeOne200_HBHE_BeamHaloCleaned_v2 30 11.583011583
HLT_MET105_IsoTrk50_v3 0 0.0
HLT_MET120_IsoTrk50_v3 0 0.0
HLT_SingleJet30_Mu12_SinglePFJet40_v4 3 1.1583011583
HLT_Mu12_DoublePFJets40_CaloBTagCSV_p33_v2 0 0.0
HLT_Mu12_DoublePFJets100_CaloBTagCSV_p33_v2 0 0.0
HLT_Mu12_DoublePFJets200_CaloBTagCSV_p33_v2 1 0.3861003861
HLT_Mu12_DoublePFJets350_CaloBTagCSV_p33_v2 0 0.0
HLT_Mu12_DoublePFJets40MaxDeta1p6_DoubleCaloBTagCSV_p33_v2 14 5.40540540541
HLT_Mu12_DoublePFJets54MaxDeta1p6_DoubleCaloBTagCSV_p33_v2 10 3.861003861
HLT_Mu12_DoublePFJets62MaxDeta1p6_DoubleCaloBTagCSV_p33_v2 7 2.7027027027
HLT_DoublePFJets40_CaloBTagCSV_p33_v2 17 6.56370656371
HLT_DoublePFJets100_CaloBTagCSV_p33_v2 1 0.3861003861
HLT_DoublePFJets200_CaloBTagCSV_p33_v2 6 2.3166023166
HLT_DoublePFJets350_CaloBTagCSV_p33_v2 0 0.0
HLT_DoublePFJets100MaxDeta1p6_DoubleCaloBTagCSV_p33_v2 8 3.0888030888
HLT_DoublePFJets116MaxDeta1p6_DoubleCaloBTagCSV_p33_v2 5 1.9305019305
HLT_DoublePFJets128MaxDeta1p6_DoubleCaloBTagCSV_p33_v2 3 1.1583011583
HLT_Photon300_NoHE_v11 11 4.2471042471
HLT_Mu8_TrkIsoVVL_v9 6 2.3166023166
HLT_Mu8_DiEle12_CaloIdL_TrackIdL_DZ_v13 0 0.0
HLT_Mu8_DiEle12_CaloIdL_TrackIdL_v13 0 0.0
HLT_Mu8_Ele8_CaloIdM_TrackIdM_Mass8_PFHT350_DZ_v12 7 2.7027027027
HLT_Mu8_Ele8_CaloIdM_TrackIdM_Mass8_PFHT350_v12 4 1.5444015444
HLT_Mu8_TrkIsoVVL_Ele23_CaloIdL_TrackIdL_IsoVL_DZ_v8 22 8.49420849421
HLT_Mu8_TrkIsoVVL_Ele23_CaloIdL_TrackIdL_IsoVL_v6 5 1.9305019305
HLT_Mu17_TrkIsoVVL_v9 6 2.3166023166
HLT_BTagMu_AK4DiJet20_Mu5_v8 13 5.01930501931
HLT_BTagMu_AK4DiJet40_Mu5_v8 5 1.9305019305
HLT_BTagMu_AK4DiJet70_Mu5_v8 12 4.6332046332
HLT_BTagMu_AK4DiJet110_Mu5_v8 15 5.79150579151
HLT_BTagMu_AK4DiJet170_Mu5_v7 10 3.861003861
HLT_BTagMu_AK4Jet300_Mu5_v8 8 3.0888030888
HLT_BTagMu_AK8DiJet170_Mu5_v4 7 2.7027027027
HLT_BTagMu_AK8Jet300_Mu5_v8 4 1.5444015444
HLT_Ele23_Ele12_CaloIdL_TrackIdL_IsoVL_DZ_v14 42 16.2162162162
HLT_Mu23_TrkIsoVVL_Ele12_CaloIdL_TrackIdL_IsoVL_DZ_v10 5 1.9305019305
HLT_Mu23_TrkIsoVVL_Ele12_CaloIdL_TrackIdL_IsoVL_v2 12 4.6332046332
HLT_Mu12_TrkIsoVVL_Ele23_CaloIdL_TrackIdL_IsoVL_v2 5 1.9305019305
HLT_Mu12_TrkIsoVVL_Ele23_CaloIdL_TrackIdL_IsoVL_DZ_v10 13 5.01930501931
HLT_Ele23_Ele12_CaloIdL_TrackIdL_IsoVL_v14 62 23.9382239382
HLT_Photon33_v3 0 0.0
HLT_Photon50_v11 0 0.0
HLT_Photon75_v11 0 0.0
HLT_Photon90_v11 1 0.3861003861
HLT_Photon120_v11 0 0.0
HLT_Photon150_v4 0 0.0
HLT_Photon175_v12 2 0.772200772201
HLT_Photon200_v11 25 9.65250965251
HLT_Photon50_R9Id90_HE10_IsoM_v12 1 0.3861003861
HLT_Photon75_R9Id90_HE10_IsoM_v12 7 2.7027027027
HLT_Photon90_R9Id90_HE10_IsoM_v12 4 1.5444015444
HLT_Photon120_R9Id90_HE10_IsoM_v12 5 1.9305019305
HLT_Photon165_R9Id90_HE10_IsoM_v13 7 2.7027027027
HLT_Diphoton30_22_R9Id_OR_IsoCaloId_AND_HE_R9Id_Mass90_v10 56 21.6216216216
HLT_Diphoton30_22_R9Id_OR_IsoCaloId_AND_HE_R9Id_Mass95_v10 46 17.7606177606
HLT_Diphoton30PV_18PV_R9Id_AND_IsoCaloId_AND_HE_R9Id_PixelVeto_Mass55_v11 61 23.5521235521
HLT_Diphoton30PV_18PV_R9Id_AND_IsoCaloId_AND_HE_R9Id_NoPixelVeto_Mass55_v10 1 0.3861003861
HLT_Diphoton30EB_18EB_R9Id_OR_IsoCaloId_AND_HE_R9Id_NoPixelVeto_Mass55_v10 0 0.0
HLT_Diphoton30EB_18EB_R9Id_OR_IsoCaloId_AND_HE_R9Id_PixelVeto_Mass55_v11 2 0.772200772201
HLT_Dimuon0_Jpsi_L1_NoOS_v4 0 0.0
HLT_Dimuon0_Jpsi_NoVertexing_NoOS_v4 0 0.0
HLT_Dimuon0_Jpsi_v4 5 1.9305019305
HLT_Dimuon0_Jpsi_NoVertexing_v4 5 1.9305019305
HLT_Dimuon0_Jpsi_L1_4R_0er1p5R_v4 5 1.9305019305
HLT_Dimuon0_Jpsi_NoVertexing_L1_4R_0er1p5R_v4 1 0.3861003861
HLT_Dimuon0_Jpsi3p5_Muon2_v3 36 13.8996138996
HLT_Dimuon0_Upsilon_L1_4p5_v4 4 1.5444015444
HLT_Dimuon0_Upsilon_L1_5_v4 0 0.0
HLT_Dimuon0_Upsilon_L1_4p5NoOS_v4 2 0.772200772201
HLT_Dimuon0_Upsilon_L1_4p5er2p0_v4 5 1.9305019305
HLT_Dimuon0_Upsilon_L1_4p5er2p0M_v4 6 2.3166023166
HLT_Dimuon0_Upsilon_NoVertexing_v4 3 1.1583011583
HLT_Dimuon0_Upsilon_L1_5M_v4 4 1.5444015444
HLT_Dimuon0_LowMass_L1_0er1p5R_v4 8 3.0888030888
HLT_Dimuon0_LowMass_L1_0er1p5_v4 2 0.772200772201
HLT_Dimuon0_LowMass_v4 2 0.772200772201
HLT_Dimuon0_LowMass_L1_4_v4 6 2.3166023166
HLT_Dimuon0_LowMass_L1_4R_v4 8 3.0888030888
HLT_Dimuon0_LowMass_L1_TM530_v3 5 1.9305019305
HLT_Dimuon0_Upsilon_Muon_L1_TM0_v3 0 0.0
HLT_Dimuon0_Upsilon_Muon_NoL1Mass_v3 0 0.0
HLT_TripleMu_10_5_5_DZ_v7 12 4.6332046332
HLT_TripleMu_12_10_5_v7 6 2.3166023166
HLT_DoubleMu3_DZ_PFMET50_PFMHT60_v3 13 5.01930501931
HLT_DoubleMu3_DZ_PFMET70_PFMHT70_v3 4 1.5444015444
HLT_DoubleMu3_DZ_PFMET90_PFMHT90_v3 2 0.772200772201
HLT_DoubleMu3_Trk_Tau3mu_NoL1Mass_v3 1 0.3861003861
HLT_DoubleMu4_Jpsi_Displaced_v4 3 1.1583011583
HLT_DoubleMu4_Jpsi_NoVertexing_v4 0 0.0
HLT_DoubleMu4_JpsiTrkTrk_Displaced_v3 26 10.0386100386
HLT_DoubleMu43NoFiltersNoVtx_v3 1 0.3861003861
HLT_DoubleMu48NoFiltersNoVtx_v3 0 0.0
HLT_Mu43NoFiltersNoVtx_Photon43_CaloIdL_v3 8 3.0888030888
HLT_Mu48NoFiltersNoVtx_Photon48_CaloIdL_v3 6 2.3166023166
HLT_DoubleMu20_7_Mass0to30_L1_DM4_v4 0 0.0
HLT_DoubleMu20_7_Mass0to30_L1_DM4EG_v4 0 0.0
HLT_HT425_v5 5 1.9305019305
HLT_HT430_DisplacedDijet40_DisplacedTrack_v8 4 1.5444015444
HLT_HT430_DisplacedDijet60_DisplacedTrack_v8 2 0.772200772201
HLT_HT430_DisplacedDijet80_DisplacedTrack_v8 2 0.772200772201
HLT_HT400_DisplacedDijet40_DisplacedTrack_v8 2 0.772200772201
HLT_HT650_DisplacedDijet60_Inclusive_v8 1 0.3861003861
HLT_HT550_DisplacedDijet80_Inclusive_v6 0 0.0
HLT_HT550_DisplacedDijet60_Inclusive_v8 0 0.0
HLT_HT650_DisplacedDijet80_Inclusive_v9 1 0.3861003861
HLT_HT750_DisplacedDijet80_Inclusive_v9 0 0.0
HLT_DiJet110_35_Mjj650_PFMET110_v2 37 14.2857142857
HLT_DiJet110_35_Mjj650_PFMET120_v2 25 9.65250965251
HLT_DiJet110_35_Mjj650_PFMET130_v2 20 7.72200772201
HLT_TripleJet110_35_35_Mjj650_PFMET110_v2 2 0.772200772201
HLT_TripleJet110_35_35_Mjj650_PFMET120_v2 1 0.3861003861
HLT_TripleJet110_35_35_Mjj650_PFMET130_v2 1 0.3861003861
HLT_Ele30_eta2p1_WPTight_Gsf_CentralPFJet35_EleCleaned_v6 95 36.6795366795
HLT_Ele28_eta2p1_WPTight_Gsf_HT150_v6 30 11.583011583
HLT_Ele28_HighEta_SC20_Mass55_v9 8 3.0888030888
HLT_DoubleMu20_7_Mass0to30_Photon23_v4 4 1.5444015444
HLT_Ele15_IsoVVVL_PFHT450_CaloBTagCSV_4p5_v2 2 0.772200772201
HLT_Ele15_IsoVVVL_PFHT450_PFMET50_v9 1 0.3861003861
HLT_Ele15_IsoVVVL_PFHT450_v9 3 1.1583011583
HLT_Ele50_IsoVVVL_PFHT450_v9 1 0.3861003861
HLT_Ele15_IsoVVVL_PFHT600_v13 0 0.0
HLT_Mu8_TrkIsoVVL_DiPFJet40_DEta3p5_MJJ750_HTT300_PFMETNoMu60_v8 11 4.2471042471
HLT_Mu10_TrkIsoVVL_DiPFJet40_DEta3p5_MJJ750_HTT350_PFMETNoMu60_v7 8 3.0888030888
HLT_Mu15_IsoVVVL_PFHT450_CaloBTagCSV_4p5_v2 6 2.3166023166
HLT_Mu15_IsoVVVL_PFHT450_PFMET50_v8 2 0.772200772201
HLT_Mu15_IsoVVVL_PFHT450_v8 11 4.2471042471
HLT_Mu50_IsoVVVL_PFHT450_v8 5 1.9305019305
HLT_Mu15_IsoVVVL_PFHT600_v12 3 1.1583011583
HLT_Dimuon10_PsiPrime_Barrel_Seagulls_v4 9 3.4749034749
HLT_Dimuon20_Jpsi_Barrel_Seagulls_v4 19 7.33590733591
HLT_Dimuon10_Upsilon_Barrel_Seagulls_v4 18 6.94980694981
HLT_Dimuon12_Upsilon_eta1p5_v11 26 10.0386100386
HLT_Dimuon14_Phi_Barrel_Seagulls_v4 22 8.49420849421
HLT_Dimuon18_PsiPrime_v11 12 4.6332046332
HLT_Dimuon25_Jpsi_v11 18 6.94980694981
HLT_DiMu9_Ele9_CaloIdL_TrackIdL_DZ_v12 4 1.5444015444
HLT_DiMu9_Ele9_CaloIdL_TrackIdL_v12 6 2.3166023166
HLT_DoubleIsoMu20_eta2p1_v3 26 10.0386100386
HLT_DoubleIsoMu24_eta2p1_v3 25 9.65250965251
HLT_TrkMu12_DoubleTrkMu5NoFiltersNoVtx_v2 4 1.5444015444
HLT_TrkMu16_DoubleTrkMu6NoFiltersNoVtx_v8 4 1.5444015444
HLT_TrkMu17_DoubleTrkMu8NoFiltersNoVtx_v9 4 1.5444015444
HLT_Mu8_v9 7 2.7027027027
HLT_Mu17_v9 6 2.3166023166
HLT_Ele8_CaloIdL_TrackIdL_IsoVL_PFJet30_v9 3 1.1583011583
HLT_Ele12_CaloIdL_TrackIdL_IsoVL_PFJet30_v11 6 2.3166023166
HLT_Ele23_CaloIdL_TrackIdL_IsoVL_PFJet30_v11 1 0.3861003861
HLT_Ele8_CaloIdM_TrackIdM_PFJet30_v11 2 0.772200772201
HLT_Ele17_CaloIdM_TrackIdM_PFJet30_v9 2 0.772200772201
HLT_Ele23_CaloIdM_TrackIdM_PFJet30_v11 0 0.0
HLT_Ele50_CaloIdVT_GsfTrkIdT_PFJet165_v11 26 10.0386100386
HLT_Ele115_CaloIdVT_GsfTrkIdT_v10 19 7.33590733591
HLT_Ele135_CaloIdVT_GsfTrkIdT_v3 7 2.7027027027
HLT_Ele145_CaloIdVT_GsfTrkIdT_v4 5 1.9305019305
HLT_Ele200_CaloIdVT_GsfTrkIdT_v4 1 0.3861003861
HLT_Ele250_CaloIdVT_GsfTrkIdT_v9 1 0.3861003861
HLT_Ele300_CaloIdVT_GsfTrkIdT_v9 1 0.3861003861
HLT_PFHT300PT30_QuadPFJet_75_60_45_40_v2 4 1.5444015444
HLT_PFHT300PT30_QuadPFJet_75_60_45_40_TriplePFBTagCSV_3p0_v2 11 4.2471042471
HLT_PFHT380_SixPFJet32_DoublePFBTagCSV_2p2_v2 13 5.01930501931
HLT_PFHT380_SixPFJet32_v2 4 1.5444015444
HLT_PFHT430_SixPFJet40_PFBTagCSV_1p5_v2 2 0.772200772201
HLT_PFHT430_SixPFJet40_v4 2 0.772200772201
HLT_PFHT350_v12 8 3.0888030888
HLT_PFHT350MinPFJet15_v3 0 0.0
HLT_Photon60_R9Id90_CaloIdL_IsoL_v3 47 18.1467181467
HLT_Photon60_R9Id90_CaloIdL_IsoL_DisplacedIdL_v3 36 13.8996138996
HLT_Photon60_R9Id90_CaloIdL_IsoL_DisplacedIdL_PFHT350MinPFJet15_v5 11 4.2471042471
HLT_FullTrack_Multiplicity85_v3 0 0.0
HLT_FullTrack_Multiplicity100_v2 0 0.0
HLT_FullTrack_Multiplicity130_v2 0 0.0
HLT_FullTrack_Multiplicity155_v3 0 0.0
HLT_ECALHT800_v9 1 0.3861003861
HLT_DiSC30_18_EIso_AND_HE_Mass70_v10 3 1.1583011583
HLT_Random_v3 0 0.0
HLT_AK4CaloJet30_v8 0 0.0
HLT_AK4CaloJet40_v7 0 0.0
HLT_AK4CaloJet50_v7 0 0.0
HLT_AK4CaloJet80_v7 0 0.0
HLT_AK4CaloJet100_v7 0 0.0
HLT_AK4CaloJet120_v6 0 0.0
HLT_AK4PFJet30_v12 0 0.0
HLT_AK4PFJet50_v12 0 0.0
HLT_AK4PFJet80_v12 0 0.0
HLT_AK4PFJet100_v12 0 0.0
HLT_AK4PFJet120_v11 0 0.0
HLT_HISinglePhoton10_Eta3p1ForPPRef_v6 0 0.0
HLT_HISinglePhoton20_Eta3p1ForPPRef_v6 0 0.0
HLT_HISinglePhoton30_Eta3p1ForPPRef_v6 0 0.0
HLT_HISinglePhoton40_Eta3p1ForPPRef_v6 0 0.0
HLT_HISinglePhoton50_Eta3p1ForPPRef_v6 0 0.0
HLT_HISinglePhoton60_Eta3p1ForPPRef_v6 0 0.0
HLT_Photon20_HoverELoose_v8 1 0.3861003861
HLT_Photon30_HoverELoose_v8 0 0.0
HLT_Photon40_HoverELoose_v8 0 0.0
HLT_Photon50_HoverELoose_v8 0 0.0
HLT_Photon60_HoverELoose_v8 0 0.0
HLT_EcalCalibration_v4 0 0.0
HLT_HcalCalibration_v5 0 0.0
HLT_L1UnpairedBunchBptxMinus_v2 0 0.0
HLT_L1UnpairedBunchBptxPlus_v2 0 0.0
HLT_L1NotBptxOR_v3 0 0.0
HLT_L1MinimumBiasHF_OR_v2 0 0.0
HLT_L1MinimumBiasHF0OR_v3 0 0.0
HLT_HcalNZS_v12 13 5.01930501931
HLT_HcalPhiSym_v14 26 10.0386100386
HLT_HcalIsolatedbunch_v4 0 0.0
HLT_IsoTrackHB_v2 0 0.0
HLT_IsoTrackHE_v2 0 0.0
HLT_Ele24_eta2p1_WPTight_Gsf_LooseChargedIsoPFTau30_eta2p1_CrossL1_v6 13 5.01930501931
HLT_Ele24_eta2p1_WPTight_Gsf_MediumChargedIsoPFTau30_eta2p1_CrossL1_v6 13 5.01930501931
HLT_Ele24_eta2p1_WPTight_Gsf_TightChargedIsoPFTau30_eta2p1_CrossL1_v6 12 4.6332046332
HLT_Ele24_eta2p1_WPTight_Gsf_LooseChargedIsoPFTau30_eta2p1_TightID_CrossL1_v6 12 4.6332046332
HLT_Ele24_eta2p1_WPTight_Gsf_MediumChargedIsoPFTau30_eta2p1_TightID_CrossL1_v6 12 4.6332046332
HLT_Ele24_eta2p1_WPTight_Gsf_TightChargedIsoPFTau30_eta2p1_TightID_CrossL1_v6 11 4.2471042471
HLT_DoubleLooseChargedIsoPFTau35_Trk1_eta2p1_Reg_v5 0 0.0
HLT_DoubleLooseChargedIsoPFTau40_Trk1_eta2p1_Reg_v5 0 0.0
HLT_DoubleMediumChargedIsoPFTau35_Trk1_eta2p1_Reg_v5 139 53.667953668
HLT_DoubleMediumChargedIsoPFTau40_Trk1_eta2p1_Reg_v5 105 40.5405405405
HLT_DoubleTightChargedIsoPFTau35_Trk1_eta2p1_Reg_v5 111 42.8571428571
HLT_DoubleTightChargedIsoPFTau40_Trk1_eta2p1_Reg_v5 84 32.4324324324
HLT_DoubleLooseChargedIsoPFTau35_Trk1_TightID_eta2p1_Reg_v5 0 0.0
HLT_DoubleLooseChargedIsoPFTau40_Trk1_TightID_eta2p1_Reg_v5 0 0.0
HLT_DoubleMediumChargedIsoPFTau35_Trk1_TightID_eta2p1_Reg_v5 102 39.3822393822
HLT_DoubleMediumChargedIsoPFTau40_Trk1_TightID_eta2p1_Reg_v5 74 28.5714285714
HLT_DoubleTightChargedIsoPFTau35_Trk1_TightID_eta2p1_Reg_v5 80 30.888030888
HLT_DoubleTightChargedIsoPFTau40_Trk1_TightID_eta2p1_Reg_v5 59 22.7799227799
HLT_IsoMu24_eta2p1_MediumChargedIsoPFTau50_Trk30_eta2p1_1pr_v5 2 0.772200772201
HLT_MediumChargedIsoPFTau50_Trk30_eta2p1_1pr_MET90_v5 5 1.9305019305
HLT_MediumChargedIsoPFTau50_Trk30_eta2p1_1pr_MET100_v5 3 1.1583011583
HLT_MediumChargedIsoPFTau50_Trk30_eta2p1_1pr_v5 0 0.0
HLT_MediumChargedIsoPFTau180HighPtRelaxedIso_Trk50_eta2p1_1pr_v4 1 0.3861003861
HLT_MediumChargedIsoPFTau180HighPtRelaxedIso_Trk50_eta2p1_v5 32 12.3552123552
HLT_IsoMu24_eta2p1_LooseChargedIsoPFTau35_Trk1_eta2p1_Reg_CrossL1_v5 2 0.772200772201
HLT_IsoMu24_eta2p1_LooseChargedIsoPFTau35_Trk1_TightID_eta2p1_Reg_CrossL1_v5 2 0.772200772201
HLT_IsoMu24_eta2p1_MediumChargedIsoPFTau35_Trk1_eta2p1_Reg_CrossL1_v5 2 0.772200772201
HLT_IsoMu24_eta2p1_MediumChargedIsoPFTau35_Trk1_TightID_eta2p1_Reg_CrossL1_v5 2 0.772200772201
HLT_IsoMu24_eta2p1_TightChargedIsoPFTau35_Trk1_eta2p1_Reg_CrossL1_v5 2 0.772200772201
HLT_IsoMu24_eta2p1_TightChargedIsoPFTau35_Trk1_TightID_eta2p1_Reg_CrossL1_v5 2 0.772200772201
HLT_Ele16_Ele12_Ele8_CaloIdL_TrackIdL_v5 6 2.3166023166
HLT_Rsq0p35_v8 2 0.772200772201
HLT_Rsq0p40_v8 2 0.772200772201
HLT_RsqMR300_Rsq0p09_MR200_v8 13 5.01930501931
HLT_RsqMR320_Rsq0p09_MR200_v8 6 2.3166023166
HLT_RsqMR300_Rsq0p09_MR200_4jet_v8 3 1.1583011583
HLT_RsqMR320_Rsq0p09_MR200_4jet_v8 1 0.3861003861
