DEBUG 2017-08-04 04:44:15,297: 	 Executing command: 'submit'
DEBUG 2017-08-04 04:44:15,301: 	 Found CRAB cache file /afs/cern.ch/user/l/lewang/.crab3
DEBUG 2017-08-04 04:44:15,314: 	 Checking credentials
DEBUG 2017-08-04 04:44:15,314: 	 Found proxy file /tmp/x509up_u74916
DEBUG 2017-08-04 04:44:15,314: 	 Getting proxy life time left
DEBUG 2017-08-04 04:44:15,890: 	 Executing : 
 command : voms-proxy-info -file /tmp/x509up_u74916 -timeleft
 output : 86271

 error: 
 retcode : 0
DEBUG 2017-08-04 04:44:16,376: 	 Executing : 
 command : voms-proxy-info -file /tmp/x509up_u74916 -actimeleft
 output : 86270

 error: 
 retcode : 0
DEBUG 2017-08-04 04:44:16,377: 	 Proxy valid for 23:57:51 hours
DEBUG 2017-08-04 04:44:16,378: 	 Will use CRAB Analysis plugin (i.e. will run an analysis job type).
DEBUG 2017-08-04 04:44:16,425: 	 Executing : 
 command : openssl x509 -in ~/.globus/usercert.pem -subject -noout
 output : subject= /DC=ch/DC=cern/OU=Organic Units/OU=Users/CN=lewang/CN=763351/CN=Lei Wang

 error: 
 retcode : 0
DEBUG 2017-08-04 04:44:16,426: 	 Checking credentials
DEBUG 2017-08-04 04:44:16,427: 	 Found proxy file /tmp/x509up_u74916
DEBUG 2017-08-04 04:44:16,427: 	 Getting proxy life time left
DEBUG 2017-08-04 04:44:16,891: 	 Executing : 
 command : voms-proxy-info -file /tmp/x509up_u74916 -timeleft
 output : 86270

 error: 
 retcode : 0
DEBUG 2017-08-04 04:44:17,364: 	 Executing : 
 command : voms-proxy-info -file /tmp/x509up_u74916 -actimeleft
 output : 86269

 error: 
 retcode : 0
DEBUG 2017-08-04 04:44:17,365: 	 Proxy valid for 23:57:50 hours
DEBUG 2017-08-04 04:44:17,811: 	 Executing : 
 command : env X509_USER_PROXY=/tmp/x509up_u74916 voms-proxy-info -fqan
 output : /cms/Role=NULL/Capability=NULL

 error: 
 retcode : 0
DEBUG 2017-08-04 04:44:18,170: 	 Registering user credentials for server /DC=ch/DC=cern/OU=computers/CN=vocms(045|052|021|031|0118|0118a|0119|0108|0105|0109).cern.ch
DEBUG 2017-08-04 04:44:18,205: 	 Executing : 
 command : openssl x509 -in ~/.globus/usercert.pem -subject -noout
 output : subject= /DC=ch/DC=cern/OU=Organic Units/OU=Users/CN=lewang/CN=763351/CN=Lei Wang

 error: 
 retcode : 0
DEBUG 2017-08-04 04:44:18,206: 	 Getting myproxy life time left for myproxy.cern.ch
DEBUG 2017-08-04 04:44:18,206: 	 Calculating hash of /DC=ch/DC=cern/OU=Organic Units/OU=Users/CN=lewang/CN=763351/CN=Lei Wang_cmsweb.cern.ch for credential name
DEBUG 2017-08-04 04:44:18,412: 	 Executing : 
 command : myproxy-info -l 1b9ed1fd5af45f6b0603ad12c45a57a42d266ac3 -s myproxy.cern.ch
 output : username: 1b9ed1fd5af45f6b0603ad12c45a57a42d266ac3
owner: /DC=ch/DC=cern/OU=Organic Units/OU=Users/CN=lewang/CN=763351/CN=Lei Wang
  renewal policy: /DC=ch/DC=cern/OU=computers/CN=vocms(045|052|021|031|0118|0118a|0119|0108|0105|0109).cern.ch
  trusted retrieval policy: /DC=ch/DC=cern/OU=computers/CN=vocms(045|052|021|031|0118|0118a|0119|0108|0105|0109).cern.ch
  timeleft: 718:34:03  (29.9 days)

 error: 
 retcode : 0
DEBUG 2017-08-04 04:44:18,414: 	 Myproxy is valid: 2586843
DEBUG 2017-08-04 04:44:18,414: 	 Command use: submit
DEBUG 2017-08-04 04:44:18,414: 	 Options use: ['--config', <WMCore.Configuration.Configuration object at 0x7f56155de690>]
DEBUG 2017-08-04 04:44:18,842: 	 CRABClient version: 3.3.1707.patch1
DEBUG 2017-08-04 04:44:18,842: 	 Instance is prod
DEBUG 2017-08-04 04:44:18,842: 	 Server base url is cmsweb.cern.ch
DEBUG 2017-08-04 04:44:18,842: 	 Command url /crabserver/prod/workflow
DEBUG 2017-08-04 04:44:18,842: 	 Started submission
DEBUG 2017-08-04 04:44:18,842: 	 Working on /afs/cern.ch/user/l/lewang/Xudong/hltphysicsrate/CMSSW_9_2_6/src/SteamRates/crab_HLTPhysics_Run299420_v2p1V4_PS1p4e34_20170802_V3/crab_HLTPhysics4
DEBUG 2017-08-04 04:44:19,229: 	 Loading required information from the environment
DEBUG 2017-08-04 04:44:19,230: 	 Found CMSSW_9_2_6 for slc6_amd64_gcc530 with base /afs/cern.ch/user/l/lewang/Xudong/hltphysicsrate/CMSSW_9_2_6
DEBUG 2017-08-04 04:44:19,230: 	 Loading required information from the environment
DEBUG 2017-08-04 04:44:19,230: 	 Found CMSSW_9_2_6 for slc6_amd64_gcc530 with base /afs/cern.ch/user/l/lewang/Xudong/hltphysicsrate/CMSSW_9_2_6
DEBUG 2017-08-04 04:44:19,243: 	 UNIQUE NAME: tarUUID aa99ffb7-bef8-4f2f-b4f8-1049e88d5f9b 
DEBUG 2017-08-04 04:44:19,244: 	 self.config: from WMCore.Configuration import Configuration
config = Configuration()
config.section_('General')
config.General.transferLogs = True
config.General.workArea = 'crab_HLTPhysics_Run299420_v2p1V4_PS1p4e34_20170802_V3'
config.General.requestName = 'HLTPhysics4'
config.section_('JobType')
config.JobType.psetName = 'hlt_Minotaur_v2p1V4_PS1p4e34.py'
config.JobType.pluginName = 'Analysis'
config.JobType.outputFiles = ['hlt.root']
config.JobType.numCores = 4
config.JobType.maxMemoryMB = 3000
config.section_('Data')
config.Data.inputDataset = '/ParkingHLTPhysics4/Run2017C-v1/RAW'
config.Data.outputDatasetTag = 'HLTPhysics_Run299420_v2p1V4_PS1p4e34_20170802_V3_HLTPhysics4'
config.Data.publication = False
config.Data.unitsPerJob = 5000
config.Data.inputDBS = 'global'
config.Data.splitting = 'EventAwareLumiBased'
config.Data.outLFNDirBase = '/store/group/dpg_trigger/comm_trigger/TriggerStudiesGroup/STEAM/xulyu//HLTPhysics_Run299420_v2p1V4_PS1p4e34_20170802_V3/'
config.Data.lumiMask = 'json_299420_LS11to50.txt'
config.Data.totalUnits = -1
config.section_('Site')
config.Site.storageSite = 'T2_CH_CERN'
config.section_('User')
config.section_('Debug')

DEBUG 2017-08-04 04:44:19,244: 	 self.config.JobType.psetName: hlt_Minotaur_v2p1V4_PS1p4e34.py
INFO 2017-08-04 04:44:19,244: 	 Importing CMSSW configuration hlt_Minotaur_v2p1V4_PS1p4e34.py
INFO 2017-08-04 04:44:21,256: 	 Finished importing CMSSW configuration hlt_Minotaur_v2p1V4_PS1p4e34.py
DEBUG 2017-08-04 04:44:21,256: 	 Writing CMSSW configuration to /afs/cern.ch/user/l/lewang/Xudong/hltphysicsrate/CMSSW_9_2_6/src/SteamRates/crab_HLTPhysics_Run299420_v2p1V4_PS1p4e34_20170802_V3/crab_HLTPhysics4/inputs/PSet.py
DEBUG 2017-08-04 04:44:25,533: 	 The following EDM output files will be collected: ['hlt.root']
DEBUG 2017-08-04 04:44:25,533: 	 The following TFile output files will be collected: []
DEBUG 2017-08-04 04:44:25,533: 	 The following user output files will be collected: []
DEBUG 2017-08-04 04:44:25,534: 	 Loading required information from the environment
DEBUG 2017-08-04 04:44:25,534: 	 Found CMSSW_9_2_6 for slc6_amd64_gcc530 with base /afs/cern.ch/user/l/lewang/Xudong/hltphysicsrate/CMSSW_9_2_6
DEBUG 2017-08-04 04:44:25,534: 	 Making tarball in /afs/cern.ch/user/l/lewang/Xudong/hltphysicsrate/CMSSW_9_2_6/src/SteamRates/crab_HLTPhysics_Run299420_v2p1V4_PS1p4e34_20170802_V3/crab_HLTPhysics4/inputs/aa99ffb7-bef8-4f2f-b4f8-1049e88d5f9bdefault.tgz
DEBUG 2017-08-04 04:44:25,546: 	 Checking directory /afs/cern.ch/user/l/lewang/Xudong/hltphysicsrate/CMSSW_9_2_6/lib
DEBUG 2017-08-04 04:44:25,546: 	 Adding directory /afs/cern.ch/user/l/lewang/Xudong/hltphysicsrate/CMSSW_9_2_6/lib to tarball
DEBUG 2017-08-04 04:44:30,995: 	 Checking directory /afs/cern.ch/user/l/lewang/Xudong/hltphysicsrate/CMSSW_9_2_6/biglib
DEBUG 2017-08-04 04:44:30,995: 	 Adding directory /afs/cern.ch/user/l/lewang/Xudong/hltphysicsrate/CMSSW_9_2_6/biglib to tarball
DEBUG 2017-08-04 04:44:33,708: 	 Checking directory /afs/cern.ch/user/l/lewang/Xudong/hltphysicsrate/CMSSW_9_2_6/module
DEBUG 2017-08-04 04:44:33,824: 	 Adding data directory /afs/cern.ch/user/l/lewang/Xudong/hltphysicsrate/CMSSW_9_2_6/src/CondCore/ESSources/interface to tarball
DEBUG 2017-08-04 04:44:33,831: 	 Adding data directory /afs/cern.ch/user/l/lewang/Xudong/hltphysicsrate/CMSSW_9_2_6/src/CondFormats/DataRecord/interface to tarball
DEBUG 2017-08-04 04:44:33,986: 	 Adding data directory /afs/cern.ch/user/l/lewang/Xudong/hltphysicsrate/CMSSW_9_2_6/src/CondTools/L1TriggerExt/interface to tarball
DEBUG 2017-08-04 04:44:33,997: 	 Adding data directory /afs/cern.ch/user/l/lewang/Xudong/hltphysicsrate/CMSSW_9_2_6/src/Configuration/PyReleaseValidation/data to tarball
DEBUG 2017-08-04 04:44:34,000: 	 Adding data directory /afs/cern.ch/user/l/lewang/Xudong/hltphysicsrate/CMSSW_9_2_6/src/Configuration/Skimming/interface to tarball
DEBUG 2017-08-04 04:44:34,006: 	 Adding data directory /afs/cern.ch/user/l/lewang/Xudong/hltphysicsrate/CMSSW_9_2_6/src/DQM/L1TMonitor/interface to tarball
DEBUG 2017-08-04 04:44:34,028: 	 Adding data directory /afs/cern.ch/user/l/lewang/Xudong/hltphysicsrate/CMSSW_9_2_6/src/DataFormats/L1TMuon/interface to tarball
DEBUG 2017-08-04 04:44:34,044: 	 Adding data directory /afs/cern.ch/user/l/lewang/Xudong/hltphysicsrate/CMSSW_9_2_6/src/EventFilter/L1TRawToDigi/interface to tarball
DEBUG 2017-08-04 04:44:34,057: 	 Adding data directory /afs/cern.ch/user/l/lewang/Xudong/hltphysicsrate/CMSSW_9_2_6/src/L1Trigger/L1TCalorimeter/interface to tarball
DEBUG 2017-08-04 04:44:34,093: 	 Adding data directory /afs/cern.ch/user/l/lewang/Xudong/hltphysicsrate/CMSSW_9_2_6/src/L1Trigger/L1TCalorimeter/data to tarball
DEBUG 2017-08-04 04:44:34,102: 	 Adding data directory /afs/cern.ch/user/l/lewang/Xudong/hltphysicsrate/CMSSW_9_2_6/src/L1Trigger/L1TMuon/interface to tarball
DEBUG 2017-08-04 04:44:34,119: 	 Adding data directory /afs/cern.ch/user/l/lewang/Xudong/hltphysicsrate/CMSSW_9_2_6/src/L1Trigger/L1TMuon/data to tarball
DEBUG 2017-08-04 04:44:36,539: 	 Adding data directory /afs/cern.ch/user/l/lewang/Xudong/hltphysicsrate/CMSSW_9_2_6/src/L1Trigger/L1TMuonBarrel/interface to tarball
DEBUG 2017-08-04 04:44:36,545: 	 Adding data directory /afs/cern.ch/user/l/lewang/Xudong/hltphysicsrate/CMSSW_9_2_6/src/L1Trigger/L1TMuonEndCap/interface to tarball
DEBUG 2017-08-04 04:44:36,565: 	 Adding data directory /afs/cern.ch/user/l/lewang/Xudong/hltphysicsrate/CMSSW_9_2_6/src/L1Trigger/L1TCommon/interface to tarball
DEBUG 2017-08-04 04:44:36,569: 	 Adding data directory /afs/cern.ch/user/l/lewang/Xudong/hltphysicsrate/CMSSW_9_2_6/src/L1Trigger/L1TGlobal/interface to tarball
DEBUG 2017-08-04 04:44:36,584: 	 Adding data directory /afs/cern.ch/user/l/lewang/Xudong/hltphysicsrate/CMSSW_9_2_6/src/L1Trigger/L1TGlobal/data to tarball
DEBUG 2017-08-04 04:44:36,910: 	 Adding data directory /afs/cern.ch/user/l/lewang/Xudong/hltphysicsrate/CMSSW_9_2_6/src/L1Trigger/L1TMuonOverlap/interface to tarball
DEBUG 2017-08-04 04:44:36,919: 	 Adding data directory /afs/cern.ch/user/l/lewang/Xudong/hltphysicsrate/CMSSW_9_2_6/src/L1Trigger/L1TNtuples/interface to tarball
DEBUG 2017-08-04 04:44:36,948: 	 Adding data directory /afs/cern.ch/user/l/lewang/Xudong/hltphysicsrate/CMSSW_9_2_6/src/Utilities/ReleaseScripts/data to tarball
DEBUG 2017-08-04 04:44:36,953: 	 Adding data directory /afs/cern.ch/user/l/lewang/Xudong/hltphysicsrate/CMSSW_9_2_6/src/Alignment/MillePedeAlignmentAlgorithm/interface to tarball
DEBUG 2017-08-04 04:44:36,959: 	 Adding data directory /afs/cern.ch/user/l/lewang/Xudong/hltphysicsrate/CMSSW_9_2_6/src/DQMOffline/L1Trigger/interface to tarball
DEBUG 2017-08-04 04:44:36,966: 	 Adding data directory /afs/cern.ch/user/l/lewang/Xudong/hltphysicsrate/CMSSW_9_2_6/src/Fireworks/FWInterface/interface to tarball
DEBUG 2017-08-04 04:44:36,968: 	 Adding data directory /afs/cern.ch/user/l/lewang/Xudong/hltphysicsrate/CMSSW_9_2_6/src/Fireworks/Geometry/data to tarball
DEBUG 2017-08-04 04:44:36,969: 	 Adding data directory /afs/cern.ch/user/l/lewang/Xudong/hltphysicsrate/CMSSW_9_2_6/src/Fireworks/Geometry/interface to tarball
DEBUG 2017-08-04 04:44:36,974: 	 Adding data directory /afs/cern.ch/user/l/lewang/Xudong/hltphysicsrate/CMSSW_9_2_6/src/Geometry/HGCalGeometry/interface to tarball
DEBUG 2017-08-04 04:44:36,977: 	 Adding data directory /afs/cern.ch/user/l/lewang/Xudong/hltphysicsrate/CMSSW_9_2_6/src/Geometry/HcalCommonData/data to tarball
DEBUG 2017-08-04 04:44:37,034: 	 Adding data directory /afs/cern.ch/user/l/lewang/Xudong/hltphysicsrate/CMSSW_9_2_6/src/Geometry/HcalCommonData/interface to tarball
DEBUG 2017-08-04 04:44:37,039: 	 Adding data directory /afs/cern.ch/user/l/lewang/Xudong/hltphysicsrate/CMSSW_9_2_6/src/PhysicsTools/PatAlgos/interface to tarball
DEBUG 2017-08-04 04:44:37,053: 	 Adding data directory /afs/cern.ch/user/l/lewang/Xudong/hltphysicsrate/CMSSW_9_2_6/src/RecoEgamma/EgammaHLTProducers/interface to tarball
DEBUG 2017-08-04 04:44:37,069: 	 Adding data directory /afs/cern.ch/user/l/lewang/Xudong/hltphysicsrate/CMSSW_9_2_6/src/SimG4CMS/Calo/data to tarball
DEBUG 2017-08-04 04:44:37,082: 	 Adding data directory /afs/cern.ch/user/l/lewang/Xudong/hltphysicsrate/CMSSW_9_2_6/src/SimG4CMS/Calo/interface to tarball
DEBUG 2017-08-04 04:44:37,098: 	 Adding data directory /afs/cern.ch/user/l/lewang/Xudong/hltphysicsrate/CMSSW_9_2_6/src/SimG4CMS/Forward/data to tarball
DEBUG 2017-08-04 04:44:37,099: 	 Adding data directory /afs/cern.ch/user/l/lewang/Xudong/hltphysicsrate/CMSSW_9_2_6/src/SimG4CMS/Forward/interface to tarball
DEBUG 2017-08-04 04:44:37,115: 	 Adding data directory /afs/cern.ch/user/l/lewang/Xudong/hltphysicsrate/CMSSW_9_2_6/src/SimG4CMS/Forward/test/data to tarball
DEBUG 2017-08-04 04:44:37,119: 	 Adding data directory /afs/cern.ch/user/l/lewang/Xudong/hltphysicsrate/CMSSW_9_2_6/src/Validation/Performance/data to tarball
DEBUG 2017-08-04 04:44:37,122: 	 Adding data directory /afs/cern.ch/user/l/lewang/Xudong/hltphysicsrate/CMSSW_9_2_6/src/Validation/Performance/interface to tarball
DEBUG 2017-08-04 04:44:38,075: 	 Uploading archive /afs/cern.ch/user/l/lewang/Xudong/hltphysicsrate/CMSSW_9_2_6/src/SteamRates/crab_HLTPhysics_Run299420_v2p1V4_PS1p4e34_20170802_V3/crab_HLTPhysics4/inputs/aa99ffb7-bef8-4f2f-b4f8-1049e88d5f9bdefault.tgz (28 MB) to the CRAB cache. Using URI https://cmsweb.cern.ch/crabcache
DEBUG 2017-08-04 04:44:46,882: 	 Loading required information from the environment
DEBUG 2017-08-04 04:44:46,882: 	 Found CMSSW_9_2_6 for slc6_amd64_gcc530 with base /afs/cern.ch/user/l/lewang/Xudong/hltphysicsrate/CMSSW_9_2_6
DEBUG 2017-08-04 04:44:46,882: 	 Making tarball in /afs/cern.ch/user/l/lewang/Xudong/hltphysicsrate/CMSSW_9_2_6/src/SteamRates/crab_HLTPhysics_Run299420_v2p1V4_PS1p4e34_20170802_V3/crab_HLTPhysics4/inputs/debugFiles.tgz
DEBUG 2017-08-04 04:44:47,041: 	 Uploading archive /afs/cern.ch/user/l/lewang/Xudong/hltphysicsrate/CMSSW_9_2_6/src/SteamRates/crab_HLTPhysics_Run299420_v2p1V4_PS1p4e34_20170802_V3/crab_HLTPhysics4/inputs/debugFiles.tgz (282 KB) to the CRAB cache. Using URI https://cmsweb.cern.ch/crabcache
DEBUG 2017-08-04 04:44:47,587: 	 Result uploading input files: 4c1f1967ded8a27e2abc2bf8f3fceec37ed121044716c75e24d0eeff0ec64bd5.tar.gz 
DEBUG 2017-08-04 04:44:47,587: 	 Attaching lumi mask json_299420_LS11to50.txt to the request
DEBUG 2017-08-04 04:44:47,587: 	 Reading lumi-mask from json_299420_LS11to50.txt
INFO 2017-08-04 04:44:47,588: 	 Sending the request to the server
DEBUG 2017-08-04 04:44:47,589: 	 Submitting {'maxjobruntime': 1250, 'extrajdl': [], 'ignorelocality': 0, 'savelogsflag': 1, 'useparent': 0, 'asyncdest': 'T2_CH_CERN', 'algoargs': 5000, 'cachefilename': '4c1f1967ded8a27e2abc2bf8f3fceec37ed121044716c75e24d0eeff0ec64bd5.tar.gz', 'numcores': 4, 'addoutputfiles': [], 'generator': 'pythia', 'maxmemory': 3000, 'publishdbsurl': 'https://cmsweb.cern.ch/dbs/prod/phys03/DBSWriter', 'priority': 10, 'jobsw': 'CMSSW_9_2_6', 'edmoutfiles': ['hlt.root'], 'userfiles': [], 'primarydataset': '', 'inputdata': '/ParkingHLTPhysics4/Run2017C-v1/RAW', 'lfn': '/store/group/dpg_trigger/comm_trigger/TriggerStudiesGroup/STEAM/xulyu//HLTPhysics_Run299420_v2p1V4_PS1p4e34_20170802_V3/', 'dryrun': 0, 'workflow': 'crab_HLTPhysics4', 'cacheurl': u'https://cmsweb.cern.ch/crabcache', 'runs': [u'299420'], 'lumis': ['11,50'], 'nonprodsw': 0, 'tfileoutfiles': [], 'oneEventMode': 0, 'debugfilename': 'dd502efbe3620737ee6548a4b89519ac4b6a527fc9336dd186246288b24475fd.tar.gz', 'saveoutput': 1, 'publication': 0, 'jobarch': 'slc6_amd64_gcc530', 'totalunits': -1, 'splitalgo': 'EventAwareLumiBased', 'ignoreglobalblacklist': 0, 'nonvaliddata': 0, 'dbsurl': 'https://cmsweb.cern.ch/dbs/prod/global/DBSReader', 'publishgroupname': 0, 'jobtype': 'Analysis', 'publishname2': 'HLTPhysics_Run299420_v2p1V4_PS1p4e34_20170802_V3_HLTPhysics4'} 
DEBUG 2017-08-04 04:44:47,589: 	 Encoded submit request: maxjobruntime=1250&ignorelocality=0&savelogsflag=1&useparent=0&asyncdest=T2_CH_CERN&algoargs=5000&cachefilename=4c1f1967ded8a27e2abc2bf8f3fceec37ed121044716c75e24d0eeff0ec64bd5.tar.gz&numcores=4&generator=pythia&maxmemory=3000&publishdbsurl=https%3A%2F%2Fcmsweb.cern.ch%2Fdbs%2Fprod%2Fphys03%2FDBSWriter&priority=10&jobsw=CMSSW_9_2_6&primarydataset=&inputdata=%2FParkingHLTPhysics4%2FRun2017C-v1%2FRAW&lfn=%2Fstore%2Fgroup%2Fdpg_trigger%2Fcomm_trigger%2FTriggerStudiesGroup%2FSTEAM%2Fxulyu%2F%2FHLTPhysics_Run299420_v2p1V4_PS1p4e34_20170802_V3%2F&dryrun=0&workflow=crab_HLTPhysics4&cacheurl=https%3A%2F%2Fcmsweb.cern.ch%2Fcrabcache&nonprodsw=0&oneEventMode=0&debugfilename=dd502efbe3620737ee6548a4b89519ac4b6a527fc9336dd186246288b24475fd.tar.gz&saveoutput=1&publication=0&jobarch=slc6_amd64_gcc530&totalunits=-1&splitalgo=EventAwareLumiBased&ignoreglobalblacklist=0&nonvaliddata=0&dbsurl=https%3A%2F%2Fcmsweb.cern.ch%2Fdbs%2Fprod%2Fglobal%2FDBSReader&publishgroupname=0&jobtype=Analysis&publishname2=HLTPhysics_Run299420_v2p1V4_PS1p4e34_20170802_V3_HLTPhysics4&edmoutfiles=hlt.root&runs=299420&lumis=11%2C50
DEBUG 2017-08-04 04:44:48,918: 	 Result: {u'result': [{u'RequestName': u'170804_024448:lewang_crab_HLTPhysics4'}]}
INFO 2017-08-04 04:44:48,924: 	 Success: Your task has been delivered to the CRAB3 server.
INFO 2017-08-04 04:44:48,925: 	 Task name: 170804_024448:lewang_crab_HLTPhysics4
INFO 2017-08-04 04:44:48,925: 	 Please use 'crab status' to check how the submission process proceeds.
DEBUG 2017-08-04 04:44:48,926: 	 About to return
